<?xml version="1.0" encoding="UTF-8"?>
<!-- Generated by org.testng.reporters.JUnitXMLReporter -->
<testsuite hostname="Amruthas-MacBook-Air.local" name="Default test" tests="4" failures="0" timestamp="2 Nov 2019 23:41:23 GMT" time="102.158" errors="0">
  <testcase name="BlankEmailReg" time="22.16" classname="com.ecommerce.test.ecommerceRegistrationTest"/>
  <testcase name="InvalidPwd" time="23.145" classname="com.ecommerce.test.ecommerceRegistrationTest"/>
  <testcase name="Terms" time="23.047" classname="com.ecommerce.test.ecommerceRegistrationTest"/>
  <testcase name="ValidRegistration" time="22.183" classname="com.ecommerce.test.ecommerceRegistrationTest"/>
</testsuite> <!-- Default test -->
